[2026-01-10 10:41:38.577703] [p-3280] [t-7076] [info] powerrename logger is initialized
[2026-01-10 10:41:38.578258] [p-3280] [t-7076] [debug] Starting PowerRename with 1 files from pipe/stdin
[2026-01-10 10:41:38.603359] [p-3280] [t-7076] [info] Theme is now Light
[2026-01-10 10:41:38.654176] [p-3280] [t-7076] [trace] winrt::PowerRenameUI::implementation::MainWindow::UpdateFlag Enter
[2026-01-10 10:41:38.654227] [p-3280] [t-7076] [trace] winrt::PowerRenameUI::implementation::MainWindow::UpdateFlag Exit
[2026-01-10 10:41:38.654237] [p-3280] [t-7076] [trace] winrt::PowerRenameUI::implementation::MainWindow::UpdateFlag Enter
[2026-01-10 10:41:38.655222] [p-3280] [t-7076] [trace] winrt::PowerRenameUI::implementation::MainWindow::UpdateFlag Exit
[2026-01-10 10:41:38.655247] [p-3280] [t-7076] [trace] winrt::PowerRenameUI::implementation::MainWindow::UpdateFlag Enter
[2026-01-10 10:41:38.655252] [p-3280] [t-7076] [trace] winrt::PowerRenameUI::implementation::MainWindow::UpdateFlag Exit
[2026-01-10 10:41:38.659455] [p-3280] [t-7076] [trace] winrt::PowerRenameUI::implementation::MainWindow::CreateShellItemArrayFromPaths Enter
[2026-01-10 10:41:38.681228] [p-3280] [t-7076] [trace] winrt::PowerRenameUI::implementation::MainWindow::CreateShellItemArrayFromPaths Exit
[2026-01-10 10:41:38.681289] [p-3280] [t-7076] [trace] winrt::PowerRenameUI::implementation::MainWindow::EnumerateShellItems Enter
[2026-01-10 10:41:38.684840] [p-3280] [t-7076] [trace] winrt::PowerRenameUI::implementation::MainWindow::EnumerateShellItems Exit
[2026-01-10 10:41:38.685042] [p-3280] [t-7076] [trace] winrt::PowerRenameUI::implementation::MainWindow::SetHandlers Enter
[2026-01-10 10:41:38.685108] [p-3280] [t-7076] [trace] winrt::PowerRenameUI::implementation::MainWindow::SetHandlers Exit
[2026-01-10 10:41:38.685119] [p-3280] [t-7076] [trace] winrt::PowerRenameUI::implementation::MainWindow::ReadSettings Enter
[2026-01-10 10:41:38.685836] [p-3280] [t-7076] [debug] ReadSettings with persistState = true
[2026-01-10 10:41:38.685995] [p-3280] [t-7076] [trace]   - winrt::PowerRenameUI::implementation::MainWindow::UpdateFlag Enter
[2026-01-10 10:41:38.686007] [p-3280] [t-7076] [debug] Flag 4 set
[2026-01-10 10:41:38.686017] [p-3280] [t-7076] [trace]   - winrt::PowerRenameUI::implementation::MainWindow::UpdateFlag Exit
[2026-01-10 10:41:38.686052] [p-3280] [t-7076] [trace]   - winrt::PowerRenameUI::implementation::MainWindow::UpdateFlag Enter
[2026-01-10 10:41:38.686067] [p-3280] [t-7076] [debug] Flag 8 set
[2026-01-10 10:41:38.686080] [p-3280] [t-7076] [trace]   - winrt::PowerRenameUI::implementation::MainWindow::UpdateFlag Exit
[2026-01-10 10:41:38.686194] [p-3280] [t-7076] [trace]   - winrt::PowerRenameUI::implementation::MainWindow::UpdateFlag Enter
[2026-01-10 10:41:38.686208] [p-3280] [t-7076] [debug] Flag 128 reset
[2026-01-10 10:41:38.686223] [p-3280] [t-7076] [trace]   - winrt::PowerRenameUI::implementation::MainWindow::UpdateFlag Exit
[2026-01-10 10:41:38.686236] [p-3280] [t-7076] [trace]   - winrt::PowerRenameUI::implementation::MainWindow::UpdateFlag Enter
[2026-01-10 10:41:38.686249] [p-3280] [t-7076] [debug] Flag 256 set
[2026-01-10 10:41:38.686262] [p-3280] [t-7076] [trace]   - winrt::PowerRenameUI::implementation::MainWindow::UpdateFlag Exit
[2026-01-10 10:41:38.693060] [p-3280] [t-7076] [trace] winrt::PowerRenameUI::implementation::MainWindow::ReadSettings Exit
[2026-01-10 10:41:38.693179] [p-3280] [t-7076] [trace] winrt::PowerRenameUI::implementation::MainWindow::InitAutoComplete Enter
[2026-01-10 10:41:38.716574] [p-3280] [t-7076] [trace] winrt::PowerRenameUI::implementation::MainWindow::InitAutoComplete Exit
[2026-01-10 10:41:38.716605] [p-3280] [t-7076] [trace] winrt::PowerRenameUI::implementation::MainWindow::SearchReplaceChanged Enter
[2026-01-10 10:41:38.716617] [p-3280] [t-7076] [debug] Forced renaming - false
[2026-01-10 10:41:38.717307] [p-3280] [t-7076] [trace] winrt::PowerRenameUI::implementation::MainWindow::SearchReplaceChanged Exit
[2026-01-10 10:41:38.749238] [p-3280] [t-7076] [trace] winrt::PowerRenameUI::implementation::MainWindow::OnRegExCompleted Enter
[2026-01-10 10:41:38.749541] [p-3280] [t-7076] [trace] winrt::PowerRenameUI::implementation::MainWindow::OnRegExCompleted Exit
[2026-01-10 10:41:38.749590] [p-3280] [t-7076] [trace] winrt::PowerRenameUI::implementation::MainWindow::OnRegExCompleted Enter
[2026-01-10 10:41:38.749646] [p-3280] [t-7076] [trace] winrt::PowerRenameUI::implementation::MainWindow::OnRegExCompleted Exit
[2026-01-10 10:41:38.749678] [p-3280] [t-7076] [trace] winrt::PowerRenameUI::implementation::MainWindow::OnRegExCompleted Enter
[2026-01-10 10:41:38.749722] [p-3280] [t-7076] [trace] winrt::PowerRenameUI::implementation::MainWindow::OnRegExCompleted Exit
[2026-01-10 10:41:39.275336] [p-3280] [t-7076] [trace] winrt::PowerRenameUI::implementation::MainWindow::SearchReplaceChanged Enter
[2026-01-10 10:41:39.275416] [p-3280] [t-7076] [debug] Forced renaming - false
[2026-01-10 10:41:39.275443] [p-3280] [t-7076] [trace] winrt::PowerRenameUI::implementation::MainWindow::SearchReplaceChanged Exit
[2026-01-10 10:41:39.275521] [p-3280] [t-7076] [trace] winrt::PowerRenameUI::implementation::MainWindow::SearchReplaceChanged Enter
[2026-01-10 10:41:39.275537] [p-3280] [t-7076] [debug] Forced renaming - false
[2026-01-10 10:41:39.275549] [p-3280] [t-7076] [trace] winrt::PowerRenameUI::implementation::MainWindow::SearchReplaceChanged Exit
[2026-01-10 10:41:40.976443] [p-3280] [t-7076] [trace] winrt::PowerRenameUI::implementation::MainWindow::SearchReplaceChanged Enter
[2026-01-10 10:41:40.976626] [p-3280] [t-7076] [debug] Forced renaming - false
[2026-01-10 10:41:40.976964] [p-3280] [t-7076] [trace] winrt::PowerRenameUI::implementation::MainWindow::SearchReplaceChanged Exit
[2026-01-10 10:41:40.979195] [p-3280] [t-7076] [trace] winrt::PowerRenameUI::implementation::MainWindow::OnRegExCompleted Enter
[2026-01-10 10:41:40.980733] [p-3280] [t-7076] [trace] winrt::PowerRenameUI::implementation::MainWindow::OnRegExCompleted Exit
[2026-01-10 10:41:43.595390] [p-3280] [t-7076] [trace] winrt::PowerRenameUI::implementation::MainWindow::UpdateFlag Enter
[2026-01-10 10:41:43.595498] [p-3280] [t-7076] [debug] Flag 128 reset
[2026-01-10 10:41:43.595816] [p-3280] [t-7076] [trace] winrt::PowerRenameUI::implementation::MainWindow::UpdateFlag Exit
[2026-01-10 10:41:43.595838] [p-3280] [t-7076] [trace] winrt::PowerRenameUI::implementation::MainWindow::UpdateFlag Enter
[2026-01-10 10:41:43.595855] [p-3280] [t-7076] [debug] Flag 256 reset
[2026-01-10 10:41:43.596075] [p-3280] [t-7076] [trace] winrt::PowerRenameUI::implementation::MainWindow::UpdateFlag Exit
[2026-01-10 10:41:43.598618] [p-3280] [t-7076] [trace] winrt::PowerRenameUI::implementation::MainWindow::OnRegExCompleted Enter
[2026-01-10 10:41:43.598733] [p-3280] [t-7076] [trace] winrt::PowerRenameUI::implementation::MainWindow::OnRegExCompleted Exit
[2026-01-10 10:41:45.593924] [p-3280] [t-7076] [trace] winrt::PowerRenameUI::implementation::MainWindow::SearchReplaceChanged Enter
[2026-01-10 10:41:45.594062] [p-3280] [t-7076] [debug] Forced renaming - false
[2026-01-10 10:41:45.595854] [p-3280] [t-7076] [trace] winrt::PowerRenameUI::implementation::MainWindow::SearchReplaceChanged Exit
[2026-01-10 10:41:45.596619] [p-3280] [t-7076] [trace] winrt::PowerRenameUI::implementation::MainWindow::OnRegExCompleted Enter
[2026-01-10 10:41:45.597136] [p-3280] [t-7076] [trace] winrt::PowerRenameUI::implementation::MainWindow::OnRegExCompleted Exit
[2026-01-10 10:41:45.597184] [p-3280] [t-7076] [trace] winrt::PowerRenameUI::implementation::MainWindow::OnRegExCompleted Enter
[2026-01-10 10:41:45.597281] [p-3280] [t-7076] [trace] winrt::PowerRenameUI::implementation::MainWindow::OnRegExCompleted Exit
[2026-01-10 10:41:49.388797] [p-3280] [t-7076] [trace] winrt::PowerRenameUI::implementation::MainWindow::SearchReplaceChanged Enter
[2026-01-10 10:41:49.388933] [p-3280] [t-7076] [debug] Forced renaming - false
[2026-01-10 10:41:49.389152] [p-3280] [t-7076] [trace] winrt::PowerRenameUI::implementation::MainWindow::SearchReplaceChanged Exit
[2026-01-10 10:41:49.390099] [p-3280] [t-7076] [trace] winrt::PowerRenameUI::implementation::MainWindow::OnRegExCompleted Enter
[2026-01-10 10:41:49.390964] [p-3280] [t-7076] [trace] winrt::PowerRenameUI::implementation::MainWindow::OnRegExCompleted Exit
[2026-01-10 10:41:51.347215] [p-3280] [t-7076] [trace] winrt::PowerRenameUI::implementation::MainWindow::SearchReplaceChanged Enter
[2026-01-10 10:41:51.347431] [p-3280] [t-7076] [debug] Forced renaming - false
[2026-01-10 10:41:51.347856] [p-3280] [t-7076] [trace] winrt::PowerRenameUI::implementation::MainWindow::SearchReplaceChanged Exit
[2026-01-10 10:41:51.761694] [p-3280] [t-7076] [trace] winrt::PowerRenameUI::implementation::MainWindow::SearchReplaceChanged Enter
[2026-01-10 10:41:51.761819] [p-3280] [t-7076] [debug] Forced renaming - false
[2026-01-10 10:41:51.762068] [p-3280] [t-7076] [trace] winrt::PowerRenameUI::implementation::MainWindow::SearchReplaceChanged Exit
[2026-01-10 10:41:52.089556] [p-3280] [t-7076] [trace] winrt::PowerRenameUI::implementation::MainWindow::SearchReplaceChanged Enter
[2026-01-10 10:41:52.089606] [p-3280] [t-7076] [debug] Forced renaming - false
[2026-01-10 10:41:52.089685] [p-3280] [t-7076] [trace] winrt::PowerRenameUI::implementation::MainWindow::SearchReplaceChanged Exit
[2026-01-10 10:41:52.090091] [p-3280] [t-7076] [trace] winrt::PowerRenameUI::implementation::MainWindow::OnRegExCompleted Enter
[2026-01-10 10:41:52.090482] [p-3280] [t-7076] [trace] winrt::PowerRenameUI::implementation::MainWindow::OnRegExCompleted Exit
[2026-01-10 10:41:55.262835] [p-3280] [t-7076] [trace] winrt::PowerRenameUI::implementation::MainWindow::SearchReplaceChanged Enter
[2026-01-10 10:41:55.262946] [p-3280] [t-7076] [debug] Forced renaming - false
[2026-01-10 10:41:55.263237] [p-3280] [t-7076] [trace] winrt::PowerRenameUI::implementation::MainWindow::SearchReplaceChanged Exit
[2026-01-10 10:41:55.264732] [p-3280] [t-7076] [trace] winrt::PowerRenameUI::implementation::MainWindow::OnRegExCompleted Enter
[2026-01-10 10:41:55.264992] [p-3280] [t-7076] [trace] winrt::PowerRenameUI::implementation::MainWindow::OnRegExCompleted Exit
[2026-01-10 10:41:56.094242] [p-3280] [t-7076] [trace] winrt::PowerRenameUI::implementation::MainWindow::SearchReplaceChanged Enter
[2026-01-10 10:41:56.094397] [p-3280] [t-7076] [debug] Forced renaming - false
[2026-01-10 10:41:56.094691] [p-3280] [t-7076] [trace] winrt::PowerRenameUI::implementation::MainWindow::SearchReplaceChanged Exit
[2026-01-10 10:41:56.097419] [p-3280] [t-7076] [trace] winrt::PowerRenameUI::implementation::MainWindow::OnRegExCompleted Enter
[2026-01-10 10:41:56.098137] [p-3280] [t-7076] [trace] winrt::PowerRenameUI::implementation::MainWindow::OnRegExCompleted Exit
[2026-01-10 10:42:00.248582] [p-3280] [t-7076] [trace] winrt::PowerRenameUI::implementation::MainWindow::UpdateFlag Enter
[2026-01-10 10:42:00.248788] [p-3280] [t-7076] [debug] Flag 4 reset
[2026-01-10 10:42:00.249441] [p-3280] [t-7076] [trace] winrt::PowerRenameUI::implementation::MainWindow::UpdateFlag Exit
[2026-01-10 10:42:00.268811] [p-3280] [t-7076] [trace] winrt::PowerRenameUI::implementation::MainWindow::OnRegExCompleted Enter
[2026-01-10 10:42:00.269586] [p-3280] [t-7076] [trace] winrt::PowerRenameUI::implementation::MainWindow::OnRegExCompleted Exit
[2026-01-10 10:42:01.874851] [p-3280] [t-7076] [trace] winrt::PowerRenameUI::implementation::MainWindow::UpdateFlag Enter
[2026-01-10 10:42:01.875063] [p-3280] [t-7076] [debug] Flag 4 set
[2026-01-10 10:42:01.875657] [p-3280] [t-7076] [trace] winrt::PowerRenameUI::implementation::MainWindow::UpdateFlag Exit
[2026-01-10 10:42:01.877788] [p-3280] [t-7076] [trace] winrt::PowerRenameUI::implementation::MainWindow::OnRegExCompleted Enter
[2026-01-10 10:42:01.878251] [p-3280] [t-7076] [trace] winrt::PowerRenameUI::implementation::MainWindow::OnRegExCompleted Exit
[2026-01-10 10:42:02.643930] [p-3280] [t-7076] [trace] winrt::PowerRenameUI::implementation::MainWindow::UpdateFlag Enter
[2026-01-10 10:42:02.644127] [p-3280] [t-7076] [debug] Flag 4 reset
[2026-01-10 10:42:02.644748] [p-3280] [t-7076] [trace] winrt::PowerRenameUI::implementation::MainWindow::UpdateFlag Exit
[2026-01-10 10:42:02.665586] [p-3280] [t-7076] [trace] winrt::PowerRenameUI::implementation::MainWindow::OnRegExCompleted Enter
[2026-01-10 10:42:02.666531] [p-3280] [t-7076] [trace] winrt::PowerRenameUI::implementation::MainWindow::OnRegExCompleted Exit
[2026-01-10 10:42:05.367240] [p-3280] [t-7076] [trace] winrt::PowerRenameUI::implementation::MainWindow::Rename Enter
[2026-01-10 10:42:05.571805] [p-3280] [t-7076] [trace]   - winrt::PowerRenameUI::implementation::MainWindow::OnRenameCompleted Enter
[2026-01-10 10:42:05.571847] [p-3280] [t-7076] [debug] Renaming completed. Close UI window - false
[2026-01-10 10:42:05.571853] [p-3280] [t-7076] [trace]     - winrt::PowerRenameUI::implementation::MainWindow::SearchReplaceChanged Enter
[2026-01-10 10:42:05.571861] [p-3280] [t-7076] [debug] Forced renaming - true
[2026-01-10 10:42:05.572496] [p-3280] [t-7076] [trace]     - winrt::PowerRenameUI::implementation::MainWindow::SearchReplaceChanged Exit
[2026-01-10 10:42:05.572700] [p-3280] [t-7076] [trace]   - winrt::PowerRenameUI::implementation::MainWindow::OnRenameCompleted Exit
[2026-01-10 10:42:05.572708] [p-3280] [t-7076] [trace]   - winrt::PowerRenameUI::implementation::MainWindow::WriteSettings Enter
[2026-01-10 10:42:05.574108] [p-3280] [t-7076] [trace]   - winrt::PowerRenameUI::implementation::MainWindow::WriteSettings Exit
[2026-01-10 10:42:05.574117] [p-3280] [t-7076] [trace] winrt::PowerRenameUI::implementation::MainWindow::Rename Exit
[2026-01-10 10:42:05.580721] [p-3280] [t-7076] [trace] winrt::PowerRenameUI::implementation::MainWindow::OnRegExCompleted Enter
[2026-01-10 10:42:05.580861] [p-3280] [t-7076] [trace] winrt::PowerRenameUI::implementation::MainWindow::OnRegExCompleted Exit
[2026-01-10 10:42:05.580878] [p-3280] [t-7076] [trace] winrt::PowerRenameUI::implementation::MainWindow::OnRegExCompleted Enter
[2026-01-10 10:42:05.580906] [p-3280] [t-7076] [trace] winrt::PowerRenameUI::implementation::MainWindow::OnRegExCompleted Exit
[2026-01-10 17:59:43.031188] [p-16304] [t-2996] [info] powerrename logger is initialized
[2026-01-10 17:59:43.031914] [p-16304] [t-2996] [debug] Starting PowerRename with 1 files from pipe/stdin
[2026-01-10 17:59:43.057763] [p-16304] [t-2996] [info] Theme is now Light
[2026-01-10 17:59:43.123855] [p-16304] [t-2996] [trace] winrt::PowerRenameUI::implementation::MainWindow::UpdateFlag Enter
[2026-01-10 17:59:43.123888] [p-16304] [t-2996] [trace] winrt::PowerRenameUI::implementation::MainWindow::UpdateFlag Exit
[2026-01-10 17:59:43.123895] [p-16304] [t-2996] [trace] winrt::PowerRenameUI::implementation::MainWindow::UpdateFlag Enter
[2026-01-10 17:59:43.123900] [p-16304] [t-2996] [trace] winrt::PowerRenameUI::implementation::MainWindow::UpdateFlag Exit
[2026-01-10 17:59:43.123906] [p-16304] [t-2996] [trace] winrt::PowerRenameUI::implementation::MainWindow::UpdateFlag Enter
[2026-01-10 17:59:43.123912] [p-16304] [t-2996] [trace] winrt::PowerRenameUI::implementation::MainWindow::UpdateFlag Exit
[2026-01-10 17:59:43.128933] [p-16304] [t-2996] [trace] winrt::PowerRenameUI::implementation::MainWindow::CreateShellItemArrayFromPaths Enter
[2026-01-10 17:59:43.165874] [p-16304] [t-2996] [trace] winrt::PowerRenameUI::implementation::MainWindow::CreateShellItemArrayFromPaths Exit
[2026-01-10 17:59:43.165933] [p-16304] [t-2996] [trace] winrt::PowerRenameUI::implementation::MainWindow::EnumerateShellItems Enter
[2026-01-10 17:59:43.168957] [p-16304] [t-2996] [trace] winrt::PowerRenameUI::implementation::MainWindow::EnumerateShellItems Exit
[2026-01-10 17:59:43.169123] [p-16304] [t-2996] [trace] winrt::PowerRenameUI::implementation::MainWindow::SetHandlers Enter
[2026-01-10 17:59:43.169186] [p-16304] [t-2996] [trace] winrt::PowerRenameUI::implementation::MainWindow::SetHandlers Exit
[2026-01-10 17:59:43.169201] [p-16304] [t-2996] [trace] winrt::PowerRenameUI::implementation::MainWindow::ReadSettings Enter
[2026-01-10 17:59:43.169968] [p-16304] [t-2996] [debug] ReadSettings with persistState = true
[2026-01-10 17:59:43.170228] [p-16304] [t-2996] [trace]   - winrt::PowerRenameUI::implementation::MainWindow::UpdateFlag Enter
[2026-01-10 17:59:43.170242] [p-16304] [t-2996] [debug] Flag 8 set
[2026-01-10 17:59:43.170253] [p-16304] [t-2996] [trace]   - winrt::PowerRenameUI::implementation::MainWindow::UpdateFlag Exit
[2026-01-10 17:59:43.179540] [p-16304] [t-2996] [trace] winrt::PowerRenameUI::implementation::MainWindow::ReadSettings Exit
[2026-01-10 17:59:43.179615] [p-16304] [t-2996] [trace] winrt::PowerRenameUI::implementation::MainWindow::InitAutoComplete Enter
[2026-01-10 17:59:43.203829] [p-16304] [t-2996] [trace] winrt::PowerRenameUI::implementation::MainWindow::InitAutoComplete Exit
[2026-01-10 17:59:43.203872] [p-16304] [t-2996] [trace] winrt::PowerRenameUI::implementation::MainWindow::SearchReplaceChanged Enter
[2026-01-10 17:59:43.203892] [p-16304] [t-2996] [debug] Forced renaming - false
[2026-01-10 17:59:43.204050] [p-16304] [t-2996] [trace] winrt::PowerRenameUI::implementation::MainWindow::SearchReplaceChanged Exit
[2026-01-10 17:59:43.236586] [p-16304] [t-2996] [trace] winrt::PowerRenameUI::implementation::MainWindow::OnRegExCompleted Enter
[2026-01-10 17:59:43.236769] [p-16304] [t-2996] [trace] winrt::PowerRenameUI::implementation::MainWindow::OnRegExCompleted Exit
[2026-01-10 17:59:43.236854] [p-16304] [t-2996] [trace] winrt::PowerRenameUI::implementation::MainWindow::OnRegExCompleted Enter
[2026-01-10 17:59:43.236917] [p-16304] [t-2996] [trace] winrt::PowerRenameUI::implementation::MainWindow::OnRegExCompleted Exit
[2026-01-10 17:59:43.814606] [p-16304] [t-2996] [trace] winrt::PowerRenameUI::implementation::MainWindow::SearchReplaceChanged Enter
[2026-01-10 17:59:43.814807] [p-16304] [t-2996] [debug] Forced renaming - false
[2026-01-10 17:59:43.814879] [p-16304] [t-2996] [trace] winrt::PowerRenameUI::implementation::MainWindow::SearchReplaceChanged Exit
[2026-01-10 17:59:45.856051] [p-16304] [t-2996] [trace] winrt::PowerRenameUI::implementation::MainWindow::SearchReplaceChanged Enter
[2026-01-10 17:59:45.856323] [p-16304] [t-2996] [debug] Forced renaming - false
[2026-01-10 17:59:45.856621] [p-16304] [t-2996] [trace] winrt::PowerRenameUI::implementation::MainWindow::SearchReplaceChanged Exit
[2026-01-10 17:59:45.857754] [p-16304] [t-2996] [trace] winrt::PowerRenameUI::implementation::MainWindow::OnRegExCompleted Enter
[2026-01-10 17:59:45.871964] [p-16304] [t-2996] [trace] winrt::PowerRenameUI::implementation::MainWindow::OnRegExCompleted Exit
[2026-01-10 17:59:46.618236] [p-16304] [t-2996] [trace] winrt::PowerRenameUI::implementation::MainWindow::SearchReplaceChanged Enter
[2026-01-10 17:59:46.618328] [p-16304] [t-2996] [debug] Forced renaming - false
[2026-01-10 17:59:46.618504] [p-16304] [t-2996] [trace] winrt::PowerRenameUI::implementation::MainWindow::SearchReplaceChanged Exit
[2026-01-10 17:59:46.619425] [p-16304] [t-2996] [trace] winrt::PowerRenameUI::implementation::MainWindow::OnRegExCompleted Enter
[2026-01-10 17:59:46.620078] [p-16304] [t-2996] [trace] winrt::PowerRenameUI::implementation::MainWindow::OnRegExCompleted Exit
[2026-01-10 17:59:47.007765] [p-16304] [t-2996] [trace] winrt::PowerRenameUI::implementation::MainWindow::SearchReplaceChanged Enter
[2026-01-10 17:59:47.007927] [p-16304] [t-2996] [debug] Forced renaming - false
[2026-01-10 17:59:47.008149] [p-16304] [t-2996] [trace] winrt::PowerRenameUI::implementation::MainWindow::SearchReplaceChanged Exit
[2026-01-10 17:59:47.010511] [p-16304] [t-2996] [trace] winrt::PowerRenameUI::implementation::MainWindow::OnRegExCompleted Enter
[2026-01-10 17:59:47.012085] [p-16304] [t-2996] [trace] winrt::PowerRenameUI::implementation::MainWindow::OnRegExCompleted Exit
[2026-01-10 17:59:48.979084] [p-16304] [t-2996] [trace] winrt::PowerRenameUI::implementation::MainWindow::UpdateFlag Enter
[2026-01-10 17:59:48.979218] [p-16304] [t-2996] [debug] Flag 256 reset
[2026-01-10 17:59:48.979560] [p-16304] [t-2996] [trace] winrt::PowerRenameUI::implementation::MainWindow::UpdateFlag Exit
[2026-01-10 17:59:48.979590] [p-16304] [t-2996] [trace] winrt::PowerRenameUI::implementation::MainWindow::UpdateFlag Enter
[2026-01-10 17:59:48.979769] [p-16304] [t-2996] [debug] Flag 128 set
[2026-01-10 17:59:48.980027] [p-16304] [t-2996] [trace] winrt::PowerRenameUI::implementation::MainWindow::UpdateFlag Exit
[2026-01-10 17:59:48.983915] [p-16304] [t-2996] [trace] winrt::PowerRenameUI::implementation::MainWindow::OnRegExCompleted Enter
[2026-01-10 17:59:48.984277] [p-16304] [t-2996] [trace] winrt::PowerRenameUI::implementation::MainWindow::OnRegExCompleted Exit
[2026-01-10 17:59:50.375097] [p-16304] [t-2996] [trace] winrt::PowerRenameUI::implementation::MainWindow::UpdateFlag Enter
[2026-01-10 17:59:50.375250] [p-16304] [t-2996] [debug] Flag 128 reset
[2026-01-10 17:59:50.375754] [p-16304] [t-2996] [trace] winrt::PowerRenameUI::implementation::MainWindow::UpdateFlag Exit
[2026-01-10 17:59:50.375786] [p-16304] [t-2996] [trace] winrt::PowerRenameUI::implementation::MainWindow::UpdateFlag Enter
[2026-01-10 17:59:50.375810] [p-16304] [t-2996] [debug] Flag 256 set
[2026-01-10 17:59:50.378457] [p-16304] [t-2996] [trace] winrt::PowerRenameUI::implementation::MainWindow::UpdateFlag Exit
[2026-01-10 17:59:50.381244] [p-16304] [t-2996] [trace] winrt::PowerRenameUI::implementation::MainWindow::OnRegExCompleted Enter
[2026-01-10 17:59:50.381569] [p-16304] [t-2996] [trace] winrt::PowerRenameUI::implementation::MainWindow::OnRegExCompleted Exit
[2026-01-10 17:59:50.381618] [p-16304] [t-2996] [trace] winrt::PowerRenameUI::implementation::MainWindow::OnRegExCompleted Enter
[2026-01-10 17:59:50.381708] [p-16304] [t-2996] [trace] winrt::PowerRenameUI::implementation::MainWindow::OnRegExCompleted Exit
[2026-01-10 17:59:52.569617] [p-16304] [t-2996] [trace] winrt::PowerRenameUI::implementation::MainWindow::SearchReplaceChanged Enter
[2026-01-10 17:59:52.569781] [p-16304] [t-2996] [debug] Forced renaming - false
[2026-01-10 17:59:52.569979] [p-16304] [t-2996] [trace] winrt::PowerRenameUI::implementation::MainWindow::SearchReplaceChanged Exit
[2026-01-10 17:59:52.570765] [p-16304] [t-2996] [trace] winrt::PowerRenameUI::implementation::MainWindow::OnRegExCompleted Enter
[2026-01-10 17:59:52.571192] [p-16304] [t-2996] [trace] winrt::PowerRenameUI::implementation::MainWindow::OnRegExCompleted Exit
[2026-01-10 17:59:53.326385] [p-16304] [t-2996] [trace] winrt::PowerRenameUI::implementation::MainWindow::Rename Enter
[2026-01-10 17:59:53.532258] [p-16304] [t-2996] [trace]   - winrt::PowerRenameUI::implementation::MainWindow::OnRenameCompleted Enter
[2026-01-10 17:59:53.532297] [p-16304] [t-2996] [debug] Renaming completed. Close UI window - false
[2026-01-10 17:59:53.532303] [p-16304] [t-2996] [trace]     - winrt::PowerRenameUI::implementation::MainWindow::SearchReplaceChanged Enter
[2026-01-10 17:59:53.532308] [p-16304] [t-2996] [debug] Forced renaming - true
[2026-01-10 17:59:53.533024] [p-16304] [t-2996] [trace]     - winrt::PowerRenameUI::implementation::MainWindow::SearchReplaceChanged Exit
[2026-01-10 17:59:53.533227] [p-16304] [t-2996] [trace]   - winrt::PowerRenameUI::implementation::MainWindow::OnRenameCompleted Exit
[2026-01-10 17:59:53.533235] [p-16304] [t-2996] [trace]   - winrt::PowerRenameUI::implementation::MainWindow::WriteSettings Enter
[2026-01-10 17:59:53.534437] [p-16304] [t-2996] [trace]   - winrt::PowerRenameUI::implementation::MainWindow::WriteSettings Exit
[2026-01-10 17:59:53.534449] [p-16304] [t-2996] [trace] winrt::PowerRenameUI::implementation::MainWindow::Rename Exit
[2026-01-10 17:59:53.534759] [p-16304] [t-2996] [trace] winrt::PowerRenameUI::implementation::MainWindow::OnRegExCompleted Enter
[2026-01-10 17:59:53.534852] [p-16304] [t-2996] [trace] winrt::PowerRenameUI::implementation::MainWindow::OnRegExCompleted Exit
[2026-01-10 17:59:53.534863] [p-16304] [t-2996] [trace] winrt::PowerRenameUI::implementation::MainWindow::OnRegExCompleted Enter
[2026-01-10 17:59:53.534879] [p-16304] [t-2996] [trace] winrt::PowerRenameUI::implementation::MainWindow::OnRegExCompleted Exit
